0 verbose cli C:\Program Files\nodejs\node.exe C:\Program Files\nodejs\node_modules\npm\bin\npm-cli.js
1 info using npm@11.4.2
2 info using node@v24.2.0
3 silly config load:file:C:\Users\tschr\AppData\Roaming\nvm\v24.2.0\node_modules\npm\npmrc
4 silly config load:file:D:\nextjs\kepa\.npmrc
5 silly config load:file:C:\Users\tschr\.npmrc
6 silly config load:file:C:\Program Files\nodejs\etc\npmrc
7 verbose title npm outdated next react-dom @prisma/client date-fns next-themes react @types/react-dom eslint-config-next tw-animate-css eslint @radix-ui/react-slot @radix-ui/react-label prisma lucide-react typescript @radix-ui/react-navigation-menu tailwind-merge tailwindcss clsx class-variance-authority @prisma/adapter-mariadb react-day-picker ts-node prettier @eslint/eslintrc @types/node @types/react @tailwindcss/postcss
8 verbose argv "outdated" "--json" "next" "react-dom" "@prisma/client" "date-fns" "next-themes" "react" "@types/react-dom" "eslint-config-next" "tw-animate-css" "eslint" "@radix-ui/react-slot" "@radix-ui/react-label" "prisma" "lucide-react" "typescript" "@radix-ui/react-navigation-menu" "tailwind-merge" "tailwindcss" "clsx" "class-variance-authority" "@prisma/adapter-mariadb" "react-day-picker" "ts-node" "prettier" "@eslint/eslintrc" "@types/node" "@types/react" "@tailwindcss/postcss"
9 verbose logfile logs-max:10 dir:D:\nextjs\kepa\.npm-cache\_logs\2025-08-20T08_05_00_136Z-
10 verbose logfile D:\nextjs\kepa\.npm-cache\_logs\2025-08-20T08_05_00_136Z-debug-0.log
11 silly logfile start cleaning logs, removing 1 files
12 silly packumentCache heap:4496293888 maxSize:1124073472 maxEntrySize:562036736
13 silly logfile done cleaning log files
14 http fetch GET 200 https://registry.npmjs.org/react-dom 824ms (cache revalidated)
15 http fetch GET 200 https://registry.npmjs.org/react-dom 840ms (cache revalidated)
16 http fetch GET 200 https://registry.npmjs.org/react-dom 851ms (cache revalidated)
17 http fetch GET 200 https://registry.npmjs.org/date-fns 860ms (cache revalidated)
18 http fetch GET 200 https://registry.npmjs.org/react-dom 878ms (cache revalidated)
19 http fetch GET 200 https://registry.npmjs.org/react-dom 890ms (cache revalidated)
20 http fetch GET 200 https://registry.npmjs.org/react-dom 899ms (cache revalidated)
21 http fetch GET 200 https://registry.npmjs.org/react 907ms (cache revalidated)
22 http fetch GET 200 https://registry.npmjs.org/react-dom 920ms (cache revalidated)
23 http fetch GET 200 https://registry.npmjs.org/react 929ms (cache revalidated)
24 http fetch GET 200 https://registry.npmjs.org/next 962ms (cache revalidated)
25 http fetch GET 200 https://registry.npmjs.org/react 1070ms (cache revalidated)
26 http fetch GET 200 https://registry.npmjs.org/react 1085ms (cache revalidated)
27 http fetch GET 200 https://registry.npmjs.org/react 1093ms (cache revalidated)
28 http fetch GET 200 https://registry.npmjs.org/next-themes 1100ms (cache revalidated)
29 http fetch GET 200 https://registry.npmjs.org/@prisma%2fclient 1146ms (cache revalidated)
30 http fetch GET 200 https://registry.npmjs.org/react-dom 1270ms (cache revalidated)
31 http fetch GET 200 https://registry.npmjs.org/react 1271ms (cache revalidated)
32 http fetch GET 200 https://registry.npmjs.org/react 1283ms (cache revalidated)
33 http fetch GET 200 https://registry.npmjs.org/react 1290ms (cache revalidated)
34 http fetch GET 200 https://registry.npmjs.org/date-fns 1306ms (cache revalidated)
35 http fetch GET 200 https://registry.npmjs.org/react 1304ms (cache revalidated)
36 http fetch GET 200 https://registry.npmjs.org/react 1315ms (cache revalidated)
37 http fetch GET 200 https://registry.npmjs.org/react 1324ms (cache revalidated)
38 http fetch GET 200 https://registry.npmjs.org/react 1335ms (cache revalidated)
39 http fetch GET 200 https://registry.npmjs.org/react 1345ms (cache revalidated)
40 http fetch GET 200 https://registry.npmjs.org/@types%2freact-dom 1346ms (cache revalidated)
41 http fetch GET 200 https://registry.npmjs.org/@types%2freact-dom 1347ms (cache revalidated)
42 http fetch GET 200 https://registry.npmjs.org/react 1351ms (cache revalidated)
43 http fetch GET 200 https://registry.npmjs.org/react 1360ms (cache revalidated)
44 http fetch GET 200 https://registry.npmjs.org/react 1372ms (cache revalidated)
45 http fetch GET 200 https://registry.npmjs.org/eslint-config-next 1384ms (cache revalidated)
46 http fetch GET 200 https://registry.npmjs.org/eslint 1393ms (cache revalidated)
47 http fetch GET 200 https://registry.npmjs.org/eslint 1402ms (cache revalidated)
48 http fetch GET 200 https://registry.npmjs.org/@types%2freact-dom 1408ms (cache revalidated)
49 http fetch GET 200 https://registry.npmjs.org/eslint 1410ms (cache revalidated)
50 http fetch GET 200 https://registry.npmjs.org/eslint 1414ms (cache revalidated)
51 http fetch GET 200 https://registry.npmjs.org/tw-animate-css 1423ms (cache revalidated)
52 http fetch GET 200 https://registry.npmjs.org/eslint 1421ms (cache revalidated)
53 http fetch GET 200 https://registry.npmjs.org/eslint 1426ms (cache revalidated)
54 http fetch GET 200 https://registry.npmjs.org/@types%2freact-dom 1442ms (cache revalidated)
55 http fetch GET 200 https://registry.npmjs.org/eslint 1447ms (cache revalidated)
56 http fetch GET 200 https://registry.npmjs.org/@radix-ui%2freact-slot 1454ms (cache revalidated)
57 http fetch GET 200 https://registry.npmjs.org/@radix-ui%2freact-slot 1455ms (cache revalidated)
58 http fetch GET 200 https://registry.npmjs.org/eslint 1456ms (cache revalidated)
59 http fetch GET 200 https://registry.npmjs.org/@types%2freact-dom 1465ms (cache revalidated)
60 http fetch GET 200 https://registry.npmjs.org/eslint 1463ms (cache revalidated)
61 http fetch GET 200 https://registry.npmjs.org/@radix-ui%2freact-slot 1465ms (cache revalidated)
62 http fetch GET 200 https://registry.npmjs.org/typescript 1471ms (cache revalidated)
63 http fetch GET 200 https://registry.npmjs.org/@radix-ui%2freact-label 1496ms (cache revalidated)
64 http fetch GET 200 https://registry.npmjs.org/@types%2freact-dom 1503ms (cache revalidated)
65 http fetch GET 200 https://registry.npmjs.org/@types%2freact-dom 1504ms (cache revalidated)
66 http fetch GET 200 https://registry.npmjs.org/lucide-react 1501ms (cache revalidated)
67 http fetch GET 200 https://registry.npmjs.org/prisma 1524ms (cache revalidated)
68 http fetch GET 200 https://registry.npmjs.org/prisma 1600ms (cache revalidated)
69 http fetch GET 200 https://registry.npmjs.org/eslint 1681ms (cache revalidated)
70 http fetch GET 200 https://registry.npmjs.org/tailwindcss 1684ms (cache revalidated)
71 http fetch GET 200 https://registry.npmjs.org/tailwindcss 1701ms (cache revalidated)
72 http fetch GET 200 https://registry.npmjs.org/typescript 1723ms (cache revalidated)
73 http fetch GET 200 https://registry.npmjs.org/typescript 1755ms (cache revalidated)
74 http fetch GET 200 https://registry.npmjs.org/typescript 1782ms (cache revalidated)
75 http fetch GET 200 https://registry.npmjs.org/tailwind-merge 1801ms (cache revalidated)
76 http fetch GET 200 https://registry.npmjs.org/typescript 1812ms (cache revalidated)
77 http fetch GET 200 https://registry.npmjs.org/typescript 1841ms (cache revalidated)
78 http fetch GET 200 https://registry.npmjs.org/clsx 1857ms (cache revalidated)
79 http fetch GET 200 https://registry.npmjs.org/tailwindcss 1862ms (cache revalidated)
80 http fetch GET 200 https://registry.npmjs.org/typescript 1884ms (cache revalidated)
81 http fetch GET 200 https://registry.npmjs.org/typescript 1919ms (cache revalidated)
82 http fetch GET 200 https://registry.npmjs.org/@prisma%2fadapter-mariadb 1962ms (cache revalidated)
83 http fetch GET 200 https://registry.npmjs.org/@radix-ui%2freact-navigation-menu 1965ms (cache revalidated)
84 http fetch GET 200 https://registry.npmjs.org/ts-node 1967ms (cache revalidated)
85 http fetch GET 200 https://registry.npmjs.org/prettier 1971ms (cache revalidated)
86 http fetch GET 200 https://registry.npmjs.org/react-day-picker 1975ms (cache revalidated)
87 http fetch GET 200 https://registry.npmjs.org/class-variance-authority 1978ms (cache revalidated)
88 http fetch GET 200 https://registry.npmjs.org/typescript 1991ms (cache revalidated)
89 http fetch GET 200 https://registry.npmjs.org/@types%2fnode 2020ms (cache revalidated)
90 http fetch GET 200 https://registry.npmjs.org/typescript 2044ms (cache revalidated)
91 http fetch GET 200 https://registry.npmjs.org/@types%2freact 2067ms (cache revalidated)
92 http fetch GET 200 https://registry.npmjs.org/@eslint%2feslintrc 2071ms (cache revalidated)
93 http fetch GET 200 https://registry.npmjs.org/@types%2freact 2070ms (cache revalidated)
94 http fetch GET 200 https://registry.npmjs.org/typescript 2086ms (cache revalidated)
95 http fetch GET 200 https://registry.npmjs.org/@eslint%2feslintrc 2115ms (cache revalidated)
96 http fetch GET 200 https://registry.npmjs.org/@types%2freact 2114ms (cache revalidated)
97 http fetch GET 200 https://registry.npmjs.org/@types%2freact 2117ms (cache revalidated)
98 http fetch GET 200 https://registry.npmjs.org/@types%2freact 2124ms (cache revalidated)
99 http fetch GET 200 https://registry.npmjs.org/@types%2freact 2126ms (cache revalidated)
100 http fetch GET 200 https://registry.npmjs.org/@types%2fnode 2132ms (cache revalidated)
101 http fetch GET 200 https://registry.npmjs.org/@types%2fnode 2139ms (cache revalidated)
102 http fetch GET 200 https://registry.npmjs.org/@types%2freact 2145ms (cache revalidated)
103 http fetch GET 200 https://registry.npmjs.org/@types%2freact 2148ms (cache revalidated)
104 http fetch GET 200 https://registry.npmjs.org/@types%2freact 2152ms (cache revalidated)
105 http fetch GET 200 https://registry.npmjs.org/@types%2freact 2153ms (cache revalidated)
106 http fetch GET 200 https://registry.npmjs.org/@types%2freact 2155ms (cache revalidated)
107 http fetch GET 200 https://registry.npmjs.org/@types%2freact 2157ms (cache revalidated)
108 http fetch GET 200 https://registry.npmjs.org/@types%2freact 2163ms (cache revalidated)
109 http fetch GET 200 https://registry.npmjs.org/@types%2freact 2169ms (cache revalidated)
110 http fetch GET 200 https://registry.npmjs.org/react 2196ms (cache revalidated)
111 http fetch GET 200 https://registry.npmjs.org/react-dom 2214ms (cache revalidated)
112 http fetch GET 200 https://registry.npmjs.org/react 2216ms (cache revalidated)
113 http fetch GET 200 https://registry.npmjs.org/react 2225ms (cache revalidated)
114 http fetch GET 200 https://registry.npmjs.org/react 2233ms (cache revalidated)
115 http fetch GET 200 https://registry.npmjs.org/@types%2freact 2218ms (cache revalidated)
116 http fetch GET 200 https://registry.npmjs.org/react-dom 2251ms (cache revalidated)
117 http fetch GET 200 https://registry.npmjs.org/react 2256ms (cache revalidated)
118 http fetch GET 200 https://registry.npmjs.org/react 2262ms (cache revalidated)
119 http fetch GET 200 https://registry.npmjs.org/@types%2freact 2248ms (cache revalidated)
120 http fetch GET 200 https://registry.npmjs.org/@tailwindcss%2fpostcss 2249ms (cache revalidated)
121 http fetch GET 200 https://registry.npmjs.org/react 2276ms (cache revalidated)
122 http fetch GET 200 https://registry.npmjs.org/eslint 2287ms (cache revalidated)
123 http fetch GET 200 https://registry.npmjs.org/eslint 2295ms (cache revalidated)
124 http fetch GET 200 https://registry.npmjs.org/react 2306ms (cache revalidated)
125 http fetch GET 200 https://registry.npmjs.org/react 2313ms (cache revalidated)
126 http fetch GET 200 https://registry.npmjs.org/clsx 2308ms (cache revalidated)
127 http fetch GET 200 https://registry.npmjs.org/@types%2freact 2305ms (cache revalidated)
128 http fetch GET 200 https://registry.npmjs.org/@types%2freact 2303ms (cache revalidated)
129 http fetch GET 200 https://registry.npmjs.org/typescript 2324ms (cache revalidated)
130 http fetch GET 200 https://registry.npmjs.org/typescript 2365ms (cache revalidated)
131 http fetch GET 200 https://registry.npmjs.org/@types%2freact-dom 2395ms (cache revalidated)
132 http fetch GET 200 https://registry.npmjs.org/@types%2freact 2379ms (cache revalidated)
133 http fetch GET 200 https://registry.npmjs.org/@types%2freact 2381ms (cache revalidated)
134 verbose cwd D:\nextjs\kepa
135 verbose os Windows_NT 10.0.26100
136 verbose node v24.2.0
137 verbose npm  v11.4.2
138 verbose exit 1
139 verbose code 1
