0 verbose cli C:\Program Files\nodejs\node.exe C:\Program Files\nodejs\node_modules\npm\bin\npm-cli.js
1 info using npm@11.4.2
2 info using node@v24.2.0
3 silly config load:file:C:\Users\tschr\AppData\Roaming\nvm\v24.2.0\node_modules\npm\npmrc
4 silly config load:file:D:\nextjs\kepa\.npmrc
5 silly config load:file:C:\Users\tschr\.npmrc
6 silly config load:file:C:\Program Files\nodejs\etc\npmrc
7 verbose title npm outdated next react-dom @prisma/client date-fns next-themes react @types/react-dom eslint-config-next tw-animate-css eslint @radix-ui/react-slot @radix-ui/react-label prisma lucide-react typescript @radix-ui/react-navigation-menu tailwind-merge tailwindcss clsx class-variance-authority @prisma/adapter-mariadb react-day-picker ts-node prettier @eslint/eslintrc @types/node @types/react @tailwindcss/postcss
8 verbose argv "outdated" "--json" "next" "react-dom" "@prisma/client" "date-fns" "next-themes" "react" "@types/react-dom" "eslint-config-next" "tw-animate-css" "eslint" "@radix-ui/react-slot" "@radix-ui/react-label" "prisma" "lucide-react" "typescript" "@radix-ui/react-navigation-menu" "tailwind-merge" "tailwindcss" "clsx" "class-variance-authority" "@prisma/adapter-mariadb" "react-day-picker" "ts-node" "prettier" "@eslint/eslintrc" "@types/node" "@types/react" "@tailwindcss/postcss"
9 verbose logfile logs-max:10 dir:D:\nextjs\kepa\.npm-cache\_logs\2025-08-20T08_04_07_623Z-
10 verbose logfile D:\nextjs\kepa\.npm-cache\_logs\2025-08-20T08_04_07_623Z-debug-0.log
11 silly logfile start cleaning logs, removing 1 files
12 silly packumentCache heap:4496293888 maxSize:1124073472 maxEntrySize:562036736
13 silly logfile done cleaning log files
14 http fetch GET 200 https://registry.npmjs.org/react-dom 721ms (cache revalidated)
15 http fetch GET 200 https://registry.npmjs.org/react-dom 741ms (cache revalidated)
16 http fetch GET 200 https://registry.npmjs.org/date-fns 748ms (cache revalidated)
17 http fetch GET 200 https://registry.npmjs.org/react-dom 755ms (cache revalidated)
18 http fetch GET 200 https://registry.npmjs.org/react 769ms (cache revalidated)
19 http fetch GET 200 https://registry.npmjs.org/react-dom 780ms (cache revalidated)
20 http fetch GET 200 https://registry.npmjs.org/react-dom 789ms (cache revalidated)
21 http fetch GET 200 https://registry.npmjs.org/react-dom 801ms (cache revalidated)
22 http fetch GET 200 https://registry.npmjs.org/date-fns 827ms (cache revalidated)
23 http fetch GET 200 https://registry.npmjs.org/react 835ms (cache revalidated)
24 http fetch GET 200 https://registry.npmjs.org/react 844ms (cache revalidated)
25 http fetch GET 200 https://registry.npmjs.org/react 855ms (cache revalidated)
26 http fetch GET 200 https://registry.npmjs.org/next-themes 865ms (cache revalidated)
27 http fetch GET 200 https://registry.npmjs.org/react-dom 871ms (cache revalidated)
28 http fetch GET 200 https://registry.npmjs.org/react 885ms (cache revalidated)
29 http fetch GET 200 https://registry.npmjs.org/react 893ms (cache revalidated)
30 http fetch GET 200 https://registry.npmjs.org/react-dom 904ms (cache revalidated)
31 http fetch GET 200 https://registry.npmjs.org/react 908ms (cache revalidated)
32 http fetch GET 200 https://registry.npmjs.org/react 921ms (cache revalidated)
33 http fetch GET 200 https://registry.npmjs.org/next 952ms (cache revalidated)
34 http fetch GET 200 https://registry.npmjs.org/react 1091ms (cache revalidated)
35 http fetch GET 200 https://registry.npmjs.org/@prisma%2fclient 1141ms (cache revalidated)
36 http fetch GET 200 https://registry.npmjs.org/react 1271ms (cache revalidated)
37 http fetch GET 200 https://registry.npmjs.org/react 1289ms (cache revalidated)
38 http fetch GET 200 https://registry.npmjs.org/react 1310ms (cache revalidated)
39 http fetch GET 200 https://registry.npmjs.org/react 1322ms (cache revalidated)
40 http fetch GET 200 https://registry.npmjs.org/react 1331ms (cache revalidated)
41 http fetch GET 200 https://registry.npmjs.org/react 1342ms (cache revalidated)
42 http fetch GET 200 https://registry.npmjs.org/react 1349ms (cache revalidated)
43 http fetch GET 200 https://registry.npmjs.org/react 1362ms (cache revalidated)
44 http fetch GET 200 https://registry.npmjs.org/react 1370ms (cache revalidated)
45 http fetch GET 200 https://registry.npmjs.org/@types%2freact-dom 1374ms (cache revalidated)
46 http fetch GET 200 https://registry.npmjs.org/eslint-config-next 1376ms (cache revalidated)
47 http fetch GET 200 https://registry.npmjs.org/react 1390ms (cache revalidated)
48 http fetch GET 200 https://registry.npmjs.org/@types%2freact-dom 1394ms (cache revalidated)
49 http fetch GET 200 https://registry.npmjs.org/react 1400ms (cache revalidated)
50 http fetch GET 200 https://registry.npmjs.org/@types%2freact-dom 1405ms (cache revalidated)
51 http fetch GET 200 https://registry.npmjs.org/@types%2freact-dom 1406ms (cache revalidated)
52 http fetch GET 200 https://registry.npmjs.org/@types%2freact-dom 1408ms (cache revalidated)
53 http fetch GET 200 https://registry.npmjs.org/eslint 1405ms (cache revalidated)
54 http fetch GET 200 https://registry.npmjs.org/react 1418ms (cache revalidated)
55 http fetch GET 200 https://registry.npmjs.org/react 1429ms (cache revalidated)
56 http fetch GET 200 https://registry.npmjs.org/@types%2freact-dom 1429ms (cache revalidated)
57 http fetch GET 200 https://registry.npmjs.org/eslint 1429ms (cache revalidated)
58 http fetch GET 200 https://registry.npmjs.org/eslint 1431ms (cache revalidated)
59 http fetch GET 200 https://registry.npmjs.org/eslint 1438ms (cache revalidated)
60 http fetch GET 200 https://registry.npmjs.org/@types%2freact-dom 1445ms (cache revalidated)
61 http fetch GET 200 https://registry.npmjs.org/tw-animate-css 1444ms (cache revalidated)
62 http fetch GET 200 https://registry.npmjs.org/@types%2freact-dom 1445ms (cache revalidated)
63 http fetch GET 200 https://registry.npmjs.org/@radix-ui%2freact-slot 1441ms (cache revalidated)
64 http fetch GET 200 https://registry.npmjs.org/eslint 1447ms (cache revalidated)
65 http fetch GET 200 https://registry.npmjs.org/react 1457ms (cache revalidated)
66 http fetch GET 200 https://registry.npmjs.org/@radix-ui%2freact-label 1460ms (cache revalidated)
67 http fetch GET 200 https://registry.npmjs.org/@radix-ui%2freact-slot 1462ms (cache revalidated)
68 http fetch GET 200 https://registry.npmjs.org/lucide-react 1492ms (cache revalidated)
69 http fetch GET 200 https://registry.npmjs.org/eslint 1502ms (cache revalidated)
70 http fetch GET 200 https://registry.npmjs.org/eslint 1517ms (cache revalidated)
71 http fetch GET 200 https://registry.npmjs.org/typescript 1525ms (cache revalidated)
72 http fetch GET 200 https://registry.npmjs.org/eslint 1550ms (cache revalidated)
73 http fetch GET 200 https://registry.npmjs.org/eslint 1555ms (cache revalidated)
74 http fetch GET 200 https://registry.npmjs.org/typescript 1562ms (cache revalidated)
75 http fetch GET 200 https://registry.npmjs.org/typescript 1591ms (cache revalidated)
76 http fetch GET 200 https://registry.npmjs.org/typescript 1620ms (cache revalidated)
77 http fetch GET 200 https://registry.npmjs.org/prisma 1663ms (cache revalidated)
78 http fetch GET 200 https://registry.npmjs.org/typescript 1722ms (cache revalidated)
79 http fetch GET 200 https://registry.npmjs.org/eslint 1748ms (cache revalidated)
80 http fetch GET 200 https://registry.npmjs.org/typescript 1779ms (cache revalidated)
81 http fetch GET 200 https://registry.npmjs.org/prisma 1832ms (cache revalidated)
82 http fetch GET 200 https://registry.npmjs.org/@radix-ui%2freact-slot 1883ms (cache revalidated)
83 http fetch GET 200 https://registry.npmjs.org/typescript 1895ms (cache revalidated)
84 http fetch GET 200 https://registry.npmjs.org/tailwind-merge 1917ms (cache revalidated)
85 http fetch GET 200 https://registry.npmjs.org/eslint 1928ms (cache revalidated)
86 http fetch GET 200 https://registry.npmjs.org/clsx 1932ms (cache revalidated)
87 http fetch GET 200 https://registry.npmjs.org/tailwindcss 1939ms (cache revalidated)
88 http fetch GET 200 https://registry.npmjs.org/ts-node 1952ms (cache revalidated)
89 http fetch GET 200 https://registry.npmjs.org/typescript 1965ms (cache revalidated)
90 http fetch GET 200 https://registry.npmjs.org/typescript 2003ms (cache revalidated)
91 http fetch GET 200 https://registry.npmjs.org/typescript 2031ms (cache revalidated)
92 http fetch GET 200 https://registry.npmjs.org/react-day-picker 2049ms (cache revalidated)
93 http fetch GET 200 https://registry.npmjs.org/typescript 2062ms (cache revalidated)
94 http fetch GET 200 https://registry.npmjs.org/typescript 2089ms (cache revalidated)
95 http fetch GET 200 https://registry.npmjs.org/@prisma%2fadapter-mariadb 2107ms (cache revalidated)
96 http fetch GET 200 https://registry.npmjs.org/@radix-ui%2freact-navigation-menu 2109ms (cache revalidated)
97 http fetch GET 200 https://registry.npmjs.org/class-variance-authority 2109ms (cache revalidated)
98 http fetch GET 200 https://registry.npmjs.org/tailwindcss 2123ms (cache revalidated)
99 http fetch GET 200 https://registry.npmjs.org/prettier 2150ms (cache revalidated)
100 http fetch GET 200 https://registry.npmjs.org/@types%2fnode 2153ms (cache revalidated)
101 http fetch GET 200 https://registry.npmjs.org/@types%2fnode 2159ms (cache revalidated)
102 http fetch GET 200 https://registry.npmjs.org/@types%2fnode 2172ms (cache revalidated)
103 http fetch GET 200 https://registry.npmjs.org/clsx 2181ms (cache revalidated)
104 http fetch GET 200 https://registry.npmjs.org/@eslint%2feslintrc 2179ms (cache revalidated)
105 http fetch GET 200 https://registry.npmjs.org/@eslint%2feslintrc 2180ms (cache revalidated)
106 http fetch GET 200 https://registry.npmjs.org/@types%2freact 2178ms (cache revalidated)
107 http fetch GET 200 https://registry.npmjs.org/@types%2freact 2181ms (cache revalidated)
108 http fetch GET 200 https://registry.npmjs.org/@types%2freact 2185ms (cache revalidated)
109 http fetch GET 200 https://registry.npmjs.org/@types%2freact 2186ms (cache revalidated)
110 http fetch GET 200 https://registry.npmjs.org/@types%2freact 2188ms (cache revalidated)
111 http fetch GET 200 https://registry.npmjs.org/@types%2freact 2192ms (cache revalidated)
112 http fetch GET 200 https://registry.npmjs.org/tailwindcss 2207ms (cache revalidated)
113 http fetch GET 200 https://registry.npmjs.org/@types%2freact 2218ms (cache revalidated)
114 http fetch GET 200 https://registry.npmjs.org/eslint 2238ms (cache revalidated)
115 http fetch GET 200 https://registry.npmjs.org/@types%2freact 2235ms (cache revalidated)
116 http fetch GET 200 https://registry.npmjs.org/@types%2freact 2235ms (cache revalidated)
117 http fetch GET 200 https://registry.npmjs.org/react 2264ms (cache revalidated)
118 http fetch GET 200 https://registry.npmjs.org/react-dom 2281ms (cache revalidated)
119 http fetch GET 200 https://registry.npmjs.org/@types%2freact 2256ms (cache revalidated)
120 http fetch GET 200 https://registry.npmjs.org/@types%2freact 2257ms (cache revalidated)
121 http fetch GET 200 https://registry.npmjs.org/@types%2freact 2259ms (cache revalidated)
122 http fetch GET 200 https://registry.npmjs.org/react 2289ms (cache revalidated)
123 http fetch GET 200 https://registry.npmjs.org/@types%2freact 2275ms (cache revalidated)
124 http fetch GET 200 https://registry.npmjs.org/typescript 2295ms (cache revalidated)
125 http fetch GET 200 https://registry.npmjs.org/@types%2freact 2308ms (cache revalidated)
126 http fetch GET 200 https://registry.npmjs.org/@types%2freact 2309ms (cache revalidated)
127 http fetch GET 200 https://registry.npmjs.org/@tailwindcss%2fpostcss 2310ms (cache revalidated)
128 http fetch GET 200 https://registry.npmjs.org/react-dom 2347ms (cache revalidated)
129 http fetch GET 200 https://registry.npmjs.org/@types%2freact 2326ms (cache revalidated)
130 http fetch GET 200 https://registry.npmjs.org/@types%2freact 2329ms (cache revalidated)
131 http fetch GET 200 https://registry.npmjs.org/@types%2freact 2331ms (cache revalidated)
132 http fetch GET 200 https://registry.npmjs.org/@types%2freact 2332ms (cache revalidated)
133 http fetch GET 200 https://registry.npmjs.org/@types%2freact 2333ms (cache revalidated)
134 verbose cwd D:\nextjs\kepa
135 verbose os Windows_NT 10.0.26100
136 verbose node v24.2.0
137 verbose npm  v11.4.2
138 verbose exit 1
139 verbose code 1
